0 info it worked if it ends with ok
1 verbose cli [ 'node', '/usr/local/bin/npm', 'install', 'tidyjson' ]
2 info using npm@1.1.65
3 info using node@v0.8.14
4 verbose read json /Users/ernie/package.json
5 verbose read json /Users/ernie/node_modules/aws/package.json
6 verbose read json /Users/ernie/node_modules/b64/package.json
7 verbose read json /Users/ernie/node_modules/files/package.json
8 verbose read json /Users/ernie/node_modules/fs-ext/package.json
9 verbose read json /Users/ernie/node_modules/jitsu/package.json
10 verbose read json /Users/ernie/node_modules/jsdom/package.json
11 verbose read json /Users/ernie/node_modules/mongodb/package.json
12 verbose read json /Users/ernie/node_modules/request/package.json
13 verbose read json /Users/ernie/package.json
14 verbose cache add [ 'tidyjson', null ]
15 silly cache add name=undefined spec="tidyjson" args=["tidyjson",null]
16 verbose parsed url { pathname: 'tidyjson', path: 'tidyjson', href: 'tidyjson' }
17 silly lockFile e60d5e81-tidyjson tidyjson
18 verbose lock tidyjson /Users/ernie/.npm/e60d5e81-tidyjson.lock
19 silly lockFile e60d5e81-tidyjson tidyjson
20 verbose addNamed [ 'tidyjson', '' ]
21 verbose addNamed [ null, '' ]
22 silly lockFile fd624249-tidyjson tidyjson@
23 verbose lock tidyjson@ /Users/ernie/.npm/fd624249-tidyjson.lock
24 silly addNameRange { name: 'tidyjson', range: '', hasData: false }
25 verbose url raw tidyjson
26 verbose url resolving [ 'https://registry.npmjs.org/', './tidyjson' ]
27 verbose url resolved https://registry.npmjs.org/tidyjson
28 info trying registry request attempt 1 at 12:30:20
29 http GET https://registry.npmjs.org/tidyjson
30 http 404 https://registry.npmjs.org/tidyjson
31 silly registry.get cb [ 404,
31 silly registry.get   { server: 'CouchDB/1.2.0 (Erlang OTP/R15B)',
31 silly registry.get     date: 'Sun, 16 Dec 2012 17:29:22 GMT',
31 silly registry.get     'content-type': 'application/json',
31 silly registry.get     'content-length': '52',
31 silly registry.get     'cache-control': 'must-revalidate' } ]
32 silly lockFile fd624249-tidyjson tidyjson@
33 error 404 'tidyjson' is not in the npm registry.
33 error 404 You should bug the author to publish it
33 error 404
33 error 404 Note that you can also install from a
33 error 404 tarball, folder, or http url, or git url.
34 error System Darwin 12.2.1
35 error command "node" "/usr/local/bin/npm" "install" "tidyjson"
36 error cwd /Users/ernie/git/raceday
37 error node -v v0.8.14
38 error npm -v 1.1.65
39 error code E404
40 verbose exit [ 1, true ]
